生成启动时间为 2017/8/9 19:25:13。
     1>项目“D:\lidongxuan\ssh2_proj\ssh2_proj\ssh2_proj.vcxproj”在节点 2 上(Build 个目标)。
     1>ClCompile:
         C:\Program Files (x86)\Microsoft Visual Studio 12.0\VC\bin\x86_amd64\CL.exe /c /Zi /nologo /W3 /WX- /sdl- /O2 /Oi /GL /D _MBCS /Gm- /EHsc /MD /GS /Gy /fp:precise /Zc:wchar_t /Zc:forScope /Fo"x64\Release\\" /Fd"x64\Release\vc120.pdb" /Gd /TP /errorReport:prompt sftp.cpp
         sftp.cpp
     1>sftp.cpp(77): warning C4996: 'inet_addr': Use inet_pton() or InetPton() instead or define _WINSOCK_DEPRECATED_NO_WARNINGS to disable deprecated API warnings
                 C:\Program Files (x86)\Windows Kits\8.1\Include\um\winsock2.h(1850) : 参见“inet_addr”的声明
     1>sftp.cpp(81): warning C4996: 'inet_addr': Use inet_pton() or InetPton() instead or define _WINSOCK_DEPRECATED_NO_WARNINGS to disable deprecated API warnings
                 C:\Program Files (x86)\Windows Kits\8.1\Include\um\winsock2.h(1850) : 参见“inet_addr”的声明
     1>sftp.cpp(108): warning C4244: “=”: 从“SOCKET”转换到“int”，可能丢失数据
     1>sftp.cpp(148): warning C4267: “参数”: 从“size_t”转换到“unsigned int”，可能丢失数据
     1>sftp.cpp(157): warning C4267: “参数”: 从“size_t”转换到“unsigned int”，可能丢失数据
     1>sftp.cpp(175): warning C4267: “参数”: 从“size_t”转换到“unsigned int”，可能丢失数据
     1>sftp.cpp(193): warning C4244: “=”: 从“ssize_t”转换到“int”，可能丢失数据
     1>sftp.cpp(210): warning C4267: “参数”: 从“size_t”转换到“unsigned int”，可能丢失数据
     1>sftp.cpp(227): warning C4267: “参数”: 从“size_t”转换到“unsigned int”，可能丢失数据
     1>sftp.cpp(246): warning C4244: “=”: 从“ssize_t”转换到“int”，可能丢失数据
     1>sftp.cpp(41): warning C4101: “i”: 未引用的局部变量
       Link:
         C:\Program Files (x86)\Microsoft Visual Studio 12.0\VC\bin\x86_amd64\link.exe /ERRORREPORT:PROMPT /OUT:"D:\lidongxuan\ssh2_proj\x64\Release\ssh2_proj.exe" /NOLOGO libssh2_64.lib kernel32.lib user32.lib gdi32.lib winspool.lib comdlg32.lib advapi32.lib shell32.lib ole32.lib oleaut32.lib uuid.lib odbc32.lib odbccp32.lib /MANIFEST /MANIFESTUAC:"level='asInvoker' uiAccess='false'" /manifest:embed /DEBUG /PDB:"D:\lidongxuan\ssh2_proj\x64\Release\ssh2_proj.pdb" /OPT:REF /OPT:ICF /LTCG /TLBID:1 /DYNAMICBASE /NXCOMPAT /IMPLIB:"D:\lidongxuan\ssh2_proj\x64\Release\ssh2_proj.lib" /MACHINE:X64 /SAFESEH:NO x64\Release\sftp.obj
         正在生成代码
         已完成代码的生成
         ssh2_proj.vcxproj -> D:\lidongxuan\ssh2_proj\x64\Release\ssh2_proj.exe
     1>已完成生成项目“D:\lidongxuan\ssh2_proj\ssh2_proj\ssh2_proj.vcxproj”(Build 个目标)的操作。

生成成功。

已用时间 00:00:01.96
