生成启动时间为 2017/8/9 15:33:29。
     1>项目“D:\lidongxuan\ssh2_proj\ssh2_proj\ssh2_proj.vcxproj”在节点 2 上(Rebuild 个目标)。
     1>ClCompile:
         C:\Program Files (x86)\Microsoft Visual Studio 12.0\VC\bin\x86_amd64\CL.exe /c /Zi /nologo /W3 /WX- /sdl- /Od /D _MBCS /Gm /EHsc /RTC1 /MDd /GS /fp:precise /Zc:wchar_t /Zc:forScope /Fo"x64\Debug\\" /Fd"x64\Debug\vc120.pdb" /Gd /TP /errorReport:prompt sftp_write.cpp
         sftp_write.cpp
     1>sftp_write.cpp(77): warning C4996: 'inet_addr': Use inet_pton() or InetPton() instead or define _WINSOCK_DEPRECATED_NO_WARNINGS to disable deprecated API warnings
                 C:\Program Files (x86)\Windows Kits\8.1\Include\um\winsock2.h(1850) : 参见“inet_addr”的声明
     1>sftp_write.cpp(81): warning C4996: 'inet_addr': Use inet_pton() or InetPton() instead or define _WINSOCK_DEPRECATED_NO_WARNINGS to disable deprecated API warnings
                 C:\Program Files (x86)\Windows Kits\8.1\Include\um\winsock2.h(1850) : 参见“inet_addr”的声明
     1>sftp_write.cpp(108): warning C4244: “=”: 从“SOCKET”转换到“int”，可能丢失数据
     1>sftp_write.cpp(148): warning C4267: “参数”: 从“size_t”转换到“unsigned int”，可能丢失数据
     1>sftp_write.cpp(157): warning C4267: “参数”: 从“size_t”转换到“unsigned int”，可能丢失数据
     1>sftp_write.cpp(175): warning C4267: “参数”: 从“size_t”转换到“unsigned int”，可能丢失数据
     1>sftp_write.cpp(193): warning C4244: “=”: 从“ssize_t”转换到“int”，可能丢失数据
     1>sftp_write.cpp(210): warning C4267: “参数”: 从“size_t”转换到“unsigned int”，可能丢失数据
     1>sftp_write.cpp(227): warning C4267: “参数”: 从“size_t”转换到“unsigned int”，可能丢失数据
     1>sftp_write.cpp(246): warning C4244: “=”: 从“ssize_t”转换到“int”，可能丢失数据
     1>sftp_write.cpp(41): warning C4101: “i”: 未引用的局部变量
       Link:
         C:\Program Files (x86)\Microsoft Visual Studio 12.0\VC\bin\x86_amd64\link.exe /ERRORREPORT:PROMPT /OUT:"D:\lidongxuan\ssh2_proj\x64\Debug\ssh2_proj.exe" /INCREMENTAL /NOLOGO libssh2_64.lib kernel32.lib user32.lib gdi32.lib winspool.lib comdlg32.lib advapi32.lib shell32.lib ole32.lib oleaut32.lib uuid.lib odbc32.lib odbccp32.lib /MANIFEST /MANIFESTUAC:"level='asInvoker' uiAccess='false'" /manifest:embed /DEBUG /PDB:"D:\lidongxuan\ssh2_proj\x64\Debug\ssh2_proj.pdb" /TLBID:1 /DYNAMICBASE /NXCOMPAT /IMPLIB:"D:\lidongxuan\ssh2_proj\x64\Debug\ssh2_proj.lib" /MACHINE:X64 /SAFESEH:NO x64\Debug\sftp_write.obj
     1>LINK : warning LNK4098: 默认库“MSVCRT”与其他库的使用冲突；请使用 /NODEFAULTLIB:library
         ssh2_proj.vcxproj -> D:\lidongxuan\ssh2_proj\x64\Debug\ssh2_proj.exe
     1>已完成生成项目“D:\lidongxuan\ssh2_proj\ssh2_proj\ssh2_proj.vcxproj”(Rebuild 个目标)的操作。

生成成功。

已用时间 00:00:00.69
